  test.cpp
D:\CPP\cpprcon\client.h(37,16): warning C4129: 'O': unrecognized character escape sequence
  (compiling source file 'test.cpp')
  
D:\CPP\cpprcon\client.h(49,66): warning C4267: '=': conversion from 'size_t' to 'int32_t', possible loss of data
  (compiling source file 'test.cpp')
  
D:\CPP\cpprcon\client.h(59,19): warning C4267: 'initializing': conversion from 'size_t' to 'int', possible loss of data
  (compiling source file 'test.cpp')
  
D:\CPP\cpprcon\client.h(70,33): warning C4267: '+=': conversion from 'size_t' to 'int', possible loss of data
  (compiling source file 'test.cpp')
  
D:\CPP\cpprcon\client.h(106,4): warning C4156: deletion of an array expression without using the array form of 'delete'; array form substituted
  (compiling source file 'test.cpp')
  
D:\CPP\cpprcon\client.h(106,4): warning C4154: deletion of an array expression; conversion to pointer supplied
  (compiling source file 'test.cpp')
  
D:\CPP\cpprcon\client.h(124,38): warning C4244: 'argument': conversion from 'SSIZE_T' to 'int', possible loss of data
  (compiling source file 'test.cpp')
  
D:\CPP\cpprcon\client.h(141,23): warning C4244: 'initializing': conversion from 'SSIZE_T' to 'int32_t', possible loss of data
  (compiling source file 'test.cpp')
  
D:\CPP\cpprcon\client.h(169,16): warning C4244: '=': conversion from 'SOCKET' to 'int', possible loss of data
  (compiling source file 'test.cpp')
  
D:\CPP\cpprcon\client.h(157,1): warning C4715: 'RconClient::receivePacket_sync': not all control paths return a value
  cpprcon.vcxproj -> D:\CPP\cpprcon\x64\Debug\cpprcon.exe
